

Microchip MPLAB XC8 Assembler V2.05 build -831301201 
                                                                                               Tue Apr 02 10:06:55 2019

Microchip MPLAB XC8 C Compiler v2.05 (Free license) build 20181220022703 Og1 
     1                           	processor	18F4520
     2                           	fnconf	rparam,??,?,0
     3                           	opt	pw 120
     4                           	opt	flic
     5                           	psect	cinit,global,reloc=2,class=CODE,delta=1
     6                           	psect	cstackCOMRAM,global,class=COMRAM,space=1,delta=1,noexec
     7                           	psect	text0,global,reloc=2,class=CODE,delta=1
     8                           	psect	intsave_regs,global,class=BIGRAM,space=1,delta=1,noexec
     9                           	psect	rparam,global,class=COMRAM,space=1,delta=1,noexec
    10  0000                     
    11                           ; Version 2.05
    12                           ; Generated 20/12/2018 GMT
    13                           ; 
    14                           ; Copyright © 2018, Microchip Technology Inc. and its subsidiaries ("Microchip")
    15                           ; All rights reserved.
    16                           ; 
    17                           ; This software is developed by Microchip Technology Inc. and its subsidiaries ("Microch
      +                          ip").
    18                           ; 
    19                           ; Redistribution and use in source and binary forms, with or without modification, are
    20                           ; permitted provided that the following conditions are met:
    21                           ; 
    22                           ;     1. Redistributions of source code must retain the above copyright notice, this lis
      +                          t of
    23                           ;        conditions and the following disclaimer.
    24                           ; 
    25                           ;     2. Redistributions in binary form must reproduce the above copyright notice, this 
      +                          list
    26                           ;        of conditions and the following disclaimer in the documentation and/or other
    27                           ;        materials provided with the distribution.
    28                           ; 
    29                           ;     3. Microchip's name may not be used to endorse or promote products derived from th
      +                          is
    30                           ;        software without specific prior written permission.
    31                           ; 
    32                           ; THIS SOFTWARE IS PROVIDED BY MICROCHIP "AS IS" AND ANY EXPRESS OR IMPLIED WARRANTIES,
    33                           ; INCLUDING, BUT NOT LIMITED TO, THE IMPLIED WARRANTIES OF MERCHANTABILITY AND FITNESS F
      +                          OR
    34                           ; PURPOSE ARE DISCLAIMED.  IN NO EVENT SHALL MICROCHIP BE LIABLE FOR ANY DIRECT, INDIREC
      +                          T,
    35                           ; INCIDENTAL, SPECIAL, EXEMPLARY, OR CONSEQUENTIAL DAMAGES (INCLUDING BUT NOT LIMITED TO
    36                           ; PROCUREMENT OF SUBSTITUTE GOODS OR SERVICES; LOSS OF USE, DATA OR PROFITS; OR BUSINESS
    37                           ; INTERRUPTION) HOWSOEVER CAUSED AND ON ANY THEORY OF LIABILITY, WHETHER IN CONTRACT, ST
      +                          RICT
    38                           ; LIABILITY, OR TORT (INCLUDING NEGLIGENCE OR OTHERWISE) ARISING IN ANY WAY OUT OF THE U
      +                          SE OF
    39                           ; THIS SOFTWARE, EVEN IF ADVISED OF THE POSSIBILITY OF SUCH DAMAGE.
    40                           ; 
    41                           ; 
    42                           ; Code-generator required, PIC18F4520 Definitions
    43                           ; 
    44                           ; SFR Addresses
    45  0000                     _LATB	set	3978
    46  0000                     _TRISB	set	3987
    47                           
    48                           ; #config settings
    49  0000                     
    50                           	psect	cinit
    51  007F22                     __pcinit:
    52                           	opt callstack 0
    53  007F22                     start_initialization:
    54                           	opt callstack 0
    55  007F22                     __initialization:
    56                           	opt callstack 0
    57  007F22                     end_of_initialization:
    58                           	opt callstack 0
    59  007F22                     __end_of__initialization:
    60                           	opt callstack 0
    61  007F22  0100               	movlb	0
    62  007F24  EF94  F03F         	goto	_main	;jump to C main() function
    63                           
    64                           	psect	cstackCOMRAM
    65  000001                     __pcstackCOMRAM:
    66                           	opt callstack 0
    67  000001                     ??_main:
    68                           
    69                           ; 1 bytes @ 0x0
    70  000001                     	ds	2
    71  000003                     main@i:
    72                           	opt callstack 0
    73                           
    74                           ; 2 bytes @ 0x2
    75  000003                     	ds	2
    76                           
    77 ;;
    78 ;;Main: autosize = 0, tempsize = 2, incstack = 0, save=0
    79 ;;
    80 ;; *************** function _main *****************
    81 ;; Defined at:
    82 ;;		line 7 in file "EX04.c"
    83 ;; Parameters:    Size  Location     Type
    84 ;;		None
    85 ;; Auto vars:     Size  Location     Type
    86 ;;  i               2    2[COMRAM] int 
    87 ;; Return value:  Size  Location     Type
    88 ;;                  1    wreg      void 
    89 ;; Registers used:
    90 ;;		wreg, status,2, status,0
    91 ;; Tracked objects:
    92 ;;		On entry : 0/0
    93 ;;		On exit  : 0/0
    94 ;;		Unchanged: 0/0
    95 ;; Data sizes:     COMRAM   BANK0   BANK1   BANK2   BANK3   BANK4   BANK5
    96 ;;      Params:         0       0       0       0       0       0       0
    97 ;;      Locals:         2       0       0       0       0       0       0
    98 ;;      Temps:          2       0       0       0       0       0       0
    99 ;;      Totals:         4       0       0       0       0       0       0
   100 ;;Total ram usage:        4 bytes
   101 ;; This function calls:
   102 ;;		Nothing
   103 ;; This function is called by:
   104 ;;		Startup code after reset
   105 ;; This function uses a non-reentrant model
   106 ;;
   107                           
   108                           	psect	text0
   109  007F28                     __ptext0:
   110                           	opt callstack 0
   111  007F28                     _main:
   112                           	opt callstack 31
   113                           
   114                           ;EX04.c: 9:  int i;;EX04.c: 11:  TRISB = 0b00000000;
   115                           
   116                           ;incstack = 0
   117  007F28  0E00               	movlw	0
   118  007F2A  6E93               	movwf	3987,c	;volatile
   119                           
   120                           ;EX04.c: 12:  LATB = 0b00000000;
   121  007F2C  0E00               	movlw	0
   122  007F2E  6E8A               	movwf	3978,c	;volatile
   123  007F30                     l11:
   124                           
   125                           ;EX04.c: 20:      for (i=0; i<=4; i++)
   126  007F30  0E00               	movlw	0
   127  007F32  6E04               	movwf	main@i+1,c
   128  007F34  0E00               	movlw	0
   129  007F36  6E03               	movwf	main@i,c
   130  007F38                     l702:
   131                           
   132                           ;EX04.c: 21:      {;EX04.c: 22:          LATB = 0b00000000;
   133  007F38  0E00               	movlw	0
   134  007F3A  6E8A               	movwf	3978,c	;volatile
   135                           
   136                           ;EX04.c: 23:          _delay((unsigned long)((100)*(8000000/4000.0)));
   137  007F3C  0E02               	movlw	2
   138  007F3E  6E02               	movwf	(??_main+1)& (0+255),c
   139  007F40  0E04               	movlw	4
   140  007F42  6E01               	movwf	??_main& (0+255),c
   141  007F44  0EBA               	movlw	186
   142  007F46                     u47:
   143  007F46  2EE8               	decfsz	wreg,f,c
   144  007F48  D7FE               	bra	u47
   145  007F4A  2E01               	decfsz	??_main& (0+255),f,c
   146  007F4C  D7FC               	bra	u47
   147  007F4E  2E02               	decfsz	(??_main+1)& (0+255),f,c
   148  007F50  D7FA               	bra	u47
   149  007F52  D000               	nop2	
   150                           
   151                           ;EX04.c: 24:          LATB = 0b11111111;
   152  007F54  688A               	setf	3978,c	;volatile
   153                           
   154                           ;EX04.c: 25:          _delay((unsigned long)((100)*(8000000/4000.0)));
   155  007F56  0E02               	movlw	2
   156  007F58  6E02               	movwf	(??_main+1)& (0+255),c
   157  007F5A  0E04               	movlw	4
   158  007F5C  6E01               	movwf	??_main& (0+255),c
   159  007F5E  0EBA               	movlw	186
   160  007F60                     u57:
   161  007F60  2EE8               	decfsz	wreg,f,c
   162  007F62  D7FE               	bra	u57
   163  007F64  2E01               	decfsz	??_main& (0+255),f,c
   164  007F66  D7FC               	bra	u57
   165  007F68  2E02               	decfsz	(??_main+1)& (0+255),f,c
   166  007F6A  D7FA               	bra	u57
   167  007F6C  D000               	nop2	
   168                           
   169                           ;EX04.c: 26:      }
   170  007F6E  4A03               	infsnz	main@i,f,c
   171  007F70  2A04               	incf	main@i+1,f,c
   172  007F72  BE04               	btfsc	main@i+1,7,c
   173  007F74  D7E1               	goto	l702
   174  007F76  5004               	movf	main@i+1,w,c
   175  007F78  E104               	bnz	u10
   176  007F7A  0E05               	movlw	5
   177  007F7C  5C03               	subwf	main@i,w,c
   178  007F7E  A0D8               	btfss	status,0,c
   179  007F80  D7DB               	goto	l702
   180  007F82                     u10:
   181                           
   182                           ;EX04.c: 30:      LATB = 0b00000001;
   183  007F82  0E01               	movlw	1
   184  007F84  6E8A               	movwf	3978,c	;volatile
   185                           
   186                           ;EX04.c: 36:      for (i=0; i<=7; i++)
   187  007F86  0E00               	movlw	0
   188  007F88  6E04               	movwf	main@i+1,c
   189  007F8A  0E00               	movlw	0
   190  007F8C  6E03               	movwf	main@i,c
   191  007F8E                     l720:
   192                           
   193                           ;EX04.c: 37:      {;EX04.c: 38:          _delay((unsigned long)((100)*(8000000/4000.0)))
      +                          ;
   194  007F8E  0E02               	movlw	2
   195  007F90  6E02               	movwf	(??_main+1)& (0+255),c
   196  007F92  0E04               	movlw	4
   197  007F94  6E01               	movwf	??_main& (0+255),c
   198  007F96  0EBA               	movlw	186
   199  007F98                     u67:
   200  007F98  2EE8               	decfsz	wreg,f,c
   201  007F9A  D7FE               	bra	u67
   202  007F9C  2E01               	decfsz	??_main& (0+255),f,c
   203  007F9E  D7FC               	bra	u67
   204  007FA0  2E02               	decfsz	(??_main+1)& (0+255),f,c
   205  007FA2  D7FA               	bra	u67
   206  007FA4  D000               	nop2	
   207                           
   208                           ;EX04.c: 39:          LATB = LATB << 1;
   209  007FA6  508A               	movf	3978,w,c	;volatile
   210  007FA8  248A               	addwf	3978,w,c	;volatile
   211  007FAA  6E8A               	movwf	3978,c	;volatile
   212                           
   213                           ;EX04.c: 40:      }
   214  007FAC  4A03               	infsnz	main@i,f,c
   215  007FAE  2A04               	incf	main@i+1,f,c
   216  007FB0  BE04               	btfsc	main@i+1,7,c
   217  007FB2  D7ED               	goto	l720
   218  007FB4  5004               	movf	main@i+1,w,c
   219  007FB6  E104               	bnz	u20
   220  007FB8  0E08               	movlw	8
   221  007FBA  5C03               	subwf	main@i,w,c
   222  007FBC  A0D8               	btfss	status,0,c
   223  007FBE  D7E7               	goto	l720
   224  007FC0                     u20:
   225                           
   226                           ;EX04.c: 48:      LATB = 0B10000000;
   227  007FC0  0E80               	movlw	128
   228  007FC2  6E8A               	movwf	3978,c	;volatile
   229                           
   230                           ;EX04.c: 54:      for (i=0; i<=7; i++)
   231  007FC4  0E00               	movlw	0
   232  007FC6  6E04               	movwf	main@i+1,c
   233  007FC8  0E00               	movlw	0
   234  007FCA  6E03               	movwf	main@i,c
   235  007FCC                     l732:
   236                           
   237                           ;EX04.c: 55:      {;EX04.c: 56:          _delay((unsigned long)((100)*(8000000/4000.0)))
      +                          ;
   238  007FCC  0E02               	movlw	2
   239  007FCE  6E02               	movwf	(??_main+1)& (0+255),c
   240  007FD0  0E04               	movlw	4
   241  007FD2  6E01               	movwf	??_main& (0+255),c
   242  007FD4  0EBA               	movlw	186
   243  007FD6                     u77:
   244  007FD6  2EE8               	decfsz	wreg,f,c
   245  007FD8  D7FE               	bra	u77
   246  007FDA  2E01               	decfsz	??_main& (0+255),f,c
   247  007FDC  D7FC               	bra	u77
   248  007FDE  2E02               	decfsz	(??_main+1)& (0+255),f,c
   249  007FE0  D7FA               	bra	u77
   250  007FE2  D000               	nop2	
   251                           
   252                           ;EX04.c: 57:          LATB = LATB >> 1;
   253  007FE4  90D8               	bcf	status,0,c
   254  007FE6  308A               	rrcf	3978,w,c	;volatile
   255  007FE8  6E8A               	movwf	3978,c	;volatile
   256                           
   257                           ;EX04.c: 58:      }
   258  007FEA  4A03               	infsnz	main@i,f,c
   259  007FEC  2A04               	incf	main@i+1,f,c
   260  007FEE  BE04               	btfsc	main@i+1,7,c
   261  007FF0  D7ED               	goto	l732
   262  007FF2  5004               	movf	main@i+1,w,c
   263  007FF4  E19D               	bnz	l11
   264  007FF6  0E08               	movlw	8
   265  007FF8  5C03               	subwf	main@i,w,c
   266  007FFA  B0D8               	btfsc	status,0,c
   267  007FFC  D799               	goto	l11
   268  007FFE  D7E6               	goto	l732
   269  008000                     __end_of_main:
   270                           	opt callstack 0
   271  0000                     
   272                           	psect	rparam
   273  0000                     tosu	equ	0xFFF
   274                           tosh	equ	0xFFE
   275                           tosl	equ	0xFFD
   276                           stkptr	equ	0xFFC
   277                           pclatu	equ	0xFFB
   278                           pclath	equ	0xFFA
   279                           pcl	equ	0xFF9
   280                           tblptru	equ	0xFF8
   281                           tblptrh	equ	0xFF7
   282                           tblptrl	equ	0xFF6
   283                           tablat	equ	0xFF5
   284                           prodh	equ	0xFF4
   285                           prodl	equ	0xFF3
   286                           indf0	equ	0xFEF
   287                           postinc0	equ	0xFEE
   288                           postdec0	equ	0xFED
   289                           preinc0	equ	0xFEC
   290                           plusw0	equ	0xFEB
   291                           fsr0h	equ	0xFEA
   292                           fsr0l	equ	0xFE9
   293                           wreg	equ	0xFE8
   294                           indf1	equ	0xFE7
   295                           postinc1	equ	0xFE6
   296                           postdec1	equ	0xFE5
   297                           preinc1	equ	0xFE4
   298                           plusw1	equ	0xFE3
   299                           fsr1h	equ	0xFE2
   300                           fsr1l	equ	0xFE1
   301                           bsr	equ	0xFE0
   302                           indf2	equ	0xFDF
   303                           postinc2	equ	0xFDE
   304                           postdec2	equ	0xFDD
   305                           preinc2	equ	0xFDC
   306                           plusw2	equ	0xFDB
   307                           fsr2h	equ	0xFDA
   308                           fsr2l	equ	0xFD9
   309                           status	equ	0xFD8


Data Sizes:
    Strings     0
    Constant    0
    Data        0
    BSS         0
    Persistent  0
    Stack       0

Auto Spaces:
    Space          Size  Autos    Used
    COMRAM          127      4       4
    BANK0           128      0       0
    BANK1           256      0       0
    BANK2           256      0       0
    BANK3           256      0       0
    BANK4           256      0       0
    BANK5           256      0       0

Pointer List with Targets:

    None.

Critical Paths under _main in COMRAM

    None.

Critical Paths under _main in BANK0

    None.

Critical Paths under _main in BANK1

    None.

Critical Paths under _main in BANK2

    None.

Critical Paths under _main in BANK3

    None.

Critical Paths under _main in BANK4

    None.

Critical Paths under _main in BANK5

    None.

Call Graph Tables:

 ---------------------------------------------------------------------------------
 (Depth) Function   	        Calls       Base Space   Used Autos Params    Refs
 ---------------------------------------------------------------------------------
 (0) _main                                                 4     4      0      90
                                              0 COMRAM     4     4      0
 ---------------------------------------------------------------------------------
 Estimated maximum stack depth 0
 ---------------------------------------------------------------------------------

 Call Graph Graphs:

 _main (ROOT)

 Address spaces:
Name               Size   Autos  Total    Cost      Usage
BITCOMRAM           7F      0       0       0        0.0%
EEDATA             100      0       0       0        0.0%
NULL                 0      0       0       0        0.0%
CODE                 0      0       0       0        0.0%
COMRAM              7F      4       4       1        3.1%
STACK                0      0       0       2        0.0%
DATA                 0      0       0       3        0.0%
BITBANK0            80      0       0       4        0.0%
BANK0               80      0       0       5        0.0%
BITBANK1           100      0       0       6        0.0%
BANK1              100      0       0       7        0.0%
BITBANK2           100      0       0       8        0.0%
BANK2              100      0       0       9        0.0%
BITBANK3           100      0       0      10        0.0%
BANK3              100      0       0      11        0.0%
BITBANK4           100      0       0      12        0.0%
BANK4              100      0       0      13        0.0%
BANK5              100      0       0      14        0.0%
ABS                  0      0       0      15        0.0%
BITBANK5           100      0       0      16        0.0%
BIGRAM             5FF      0       0      17        0.0%
BITSFR               0      0       0     200        0.0%
SFR                  0      0       0     200        0.0%


Microchip Technology PIC18 Macro Assembler V2.05 build -831301201 
Symbol Table                                                                                   Tue Apr 02 10:06:55 2019

                     l11 7F30                       u10 7F82                       u20 7FC0  
                     u47 7F46                       u57 7F60                       u67 7F98  
                     u77 7FD6              __CFG_BORV$3 000000             __CFG_CP0$OFF 000000  
           __CFG_CP1$OFF 000000             __CFG_CP2$OFF 000000             __CFG_CP3$OFF 000000  
            __CFG_OSC$HS 000000                      l702 7F38                      l720 7F8E  
                    l732 7FCC             __CFG_CPB$OFF 000000             __CFG_CPD$OFF 000000  
                    wreg 000FE8             __CFG_LVP$OFF 000000             __CFG_WDT$OFF 000000  
                   _LATB 000F8A             __CFG_PWRT$ON 000000                     _main 7F28  
                   start 0000            __CFG_IESO$OFF 000000            __CFG_MCLRE$ON 000000  
           ___param_bank 000000                    ?_main 0001                    _TRISB 000F93  
          __CFG_WRT0$OFF 000000            __CFG_WRT1$OFF 000000            __CFG_WRT2$OFF 000000  
          __CFG_WRT3$OFF 000000           __CFG_EBTR0$OFF 000000           __CFG_FCMEN$OFF 000000  
         __CFG_EBTR1$OFF 000000           __CFG_EBTR2$OFF 000000           __CFG_EBTR3$OFF 000000  
          __CFG_WRTB$OFF 000000            __CFG_WRTC$OFF 000000            __CFG_WRTD$OFF 000000  
         __CFG_EBTRB$OFF 000000                    main@i 0003           __CFG_BOREN$OFF 000000  
                  status 000FD8          __initialization 7F22             __end_of_main 8000  
                 ??_main 0001            __activetblptr 000000           __CFG_XINST$OFF 000000  
         __CFG_STVREN$ON 000000               __accesstop 0080  __end_of__initialization 7F22  
        __CFG_PBADEN$OFF 000000            ___rparam_used 000001           __pcstackCOMRAM 0001  
                __Hparam 0000                  __Lparam 0000                  __pcinit 7F22  
                __ramtop 0600                  __ptext0 7F28     end_of_initialization 7F22  
    start_initialization 7F22         __CFG_LPT1OSC$OFF 000000        __CFG_CCP2MX$PORTC 000000  
       __CFG_WDTPS$32768 000000                 __Hrparam 0000                 __Lrparam 0000  
          __size_of_main 00D8  
