

Microchip MPLAB XC8 Assembler V2.05 build -831301201 
                                                                                               Tue Apr 02 08:26:30 2019

Microchip MPLAB XC8 C Compiler v2.05 (Free license) build 20181220022703 Og1 
     1                           	processor	18F4520
     2                           	fnconf	rparam,??,?,0
     3                           	opt	pw 120
     4                           	opt	flic
     5                           	psect	cinit,global,reloc=2,class=CODE,delta=1
     6                           	psect	cstackCOMRAM,global,class=COMRAM,space=1,delta=1,noexec
     7                           	psect	text0,global,reloc=2,class=CODE,delta=1
     8                           	psect	intsave_regs,global,class=BIGRAM,space=1,delta=1,noexec
     9                           	psect	rparam,global,class=COMRAM,space=1,delta=1,noexec
    10  0000                     
    11                           ; Version 2.05
    12                           ; Generated 20/12/2018 GMT
    13                           ; 
    14                           ; Copyright © 2018, Microchip Technology Inc. and its subsidiaries ("Microchip")
    15                           ; All rights reserved.
    16                           ; 
    17                           ; This software is developed by Microchip Technology Inc. and its subsidiaries ("Microch
      +                          ip").
    18                           ; 
    19                           ; Redistribution and use in source and binary forms, with or without modification, are
    20                           ; permitted provided that the following conditions are met:
    21                           ; 
    22                           ;     1. Redistributions of source code must retain the above copyright notice, this lis
      +                          t of
    23                           ;        conditions and the following disclaimer.
    24                           ; 
    25                           ;     2. Redistributions in binary form must reproduce the above copyright notice, this 
      +                          list
    26                           ;        of conditions and the following disclaimer in the documentation and/or other
    27                           ;        materials provided with the distribution.
    28                           ; 
    29                           ;     3. Microchip's name may not be used to endorse or promote products derived from th
      +                          is
    30                           ;        software without specific prior written permission.
    31                           ; 
    32                           ; THIS SOFTWARE IS PROVIDED BY MICROCHIP "AS IS" AND ANY EXPRESS OR IMPLIED WARRANTIES,
    33                           ; INCLUDING, BUT NOT LIMITED TO, THE IMPLIED WARRANTIES OF MERCHANTABILITY AND FITNESS F
      +                          OR
    34                           ; PURPOSE ARE DISCLAIMED.  IN NO EVENT SHALL MICROCHIP BE LIABLE FOR ANY DIRECT, INDIREC
      +                          T,
    35                           ; INCIDENTAL, SPECIAL, EXEMPLARY, OR CONSEQUENTIAL DAMAGES (INCLUDING BUT NOT LIMITED TO
    36                           ; PROCUREMENT OF SUBSTITUTE GOODS OR SERVICES; LOSS OF USE, DATA OR PROFITS; OR BUSINESS
    37                           ; INTERRUPTION) HOWSOEVER CAUSED AND ON ANY THEORY OF LIABILITY, WHETHER IN CONTRACT, ST
      +                          RICT
    38                           ; LIABILITY, OR TORT (INCLUDING NEGLIGENCE OR OTHERWISE) ARISING IN ANY WAY OUT OF THE U
      +                          SE OF
    39                           ; THIS SOFTWARE, EVEN IF ADVISED OF THE POSSIBILITY OF SUCH DAMAGE.
    40                           ; 
    41                           ; 
    42                           ; Code-generator required, PIC18F4520 Definitions
    43                           ; 
    44                           ; SFR Addresses
    45  0000                     _PORTAbits	set	3968
    46  0000                     _PORTCbits	set	3970
    47  0000                     _PORTBbits	set	3969
    48  0000                     _TRISAbits	set	3986
    49  0000                     _TRISCbits	set	3988
    50  0000                     _TRISBbits	set	3987
    51  0000                     _PORTB	set	3969
    52  0000                     _TRISB	set	3987
    53                           
    54                           ; #config settings
    55  0000                     
    56                           	psect	cinit
    57  007F6E                     __pcinit:
    58                           	opt callstack 0
    59  007F6E                     start_initialization:
    60                           	opt callstack 0
    61  007F6E                     __initialization:
    62                           	opt callstack 0
    63  007F6E                     end_of_initialization:
    64                           	opt callstack 0
    65  007F6E                     __end_of__initialization:
    66                           	opt callstack 0
    67  007F6E  0100               	movlb	0
    68  007F70  EFBA  F03F         	goto	_main	;jump to C main() function
    69                           
    70                           	psect	cstackCOMRAM
    71  000001                     __pcstackCOMRAM:
    72                           	opt callstack 0
    73  000001                     ??_main:
    74                           
    75                           ; 1 bytes @ 0x0
    76  000001                     	ds	1
    77                           
    78 ;;
    79 ;;Main: autosize = 0, tempsize = 1, incstack = 0, save=0
    80 ;;
    81 ;; *************** function _main *****************
    82 ;; Defined at:
    83 ;;		line 24 in file "EX03.c"
    84 ;; Parameters:    Size  Location     Type
    85 ;;		None
    86 ;; Auto vars:     Size  Location     Type
    87 ;;		None
    88 ;; Return value:  Size  Location     Type
    89 ;;                  1    wreg      void 
    90 ;; Registers used:
    91 ;;		wreg, status,2, status,0
    92 ;; Tracked objects:
    93 ;;		On entry : 0/0
    94 ;;		On exit  : 0/0
    95 ;;		Unchanged: 0/0
    96 ;; Data sizes:     COMRAM   BANK0   BANK1   BANK2   BANK3   BANK4   BANK5
    97 ;;      Params:         0       0       0       0       0       0       0
    98 ;;      Locals:         0       0       0       0       0       0       0
    99 ;;      Temps:          1       0       0       0       0       0       0
   100 ;;      Totals:         1       0       0       0       0       0       0
   101 ;;Total ram usage:        1 bytes
   102 ;; This function calls:
   103 ;;		Nothing
   104 ;; This function is called by:
   105 ;;		Startup code after reset
   106 ;; This function uses a non-reentrant model
   107 ;;
   108                           
   109                           	psect	text0
   110  007F74                     __ptext0:
   111                           	opt callstack 0
   112  007F74                     _main:
   113                           	opt callstack 31
   114                           
   115                           ;EX03.c: 26:     TRISB = 0b00000000;
   116                           
   117                           ;incstack = 0
   118  007F74  0E00               	movlw	0
   119  007F76  6E93               	movwf	3987,c	;volatile
   120                           
   121                           ;EX03.c: 27:     PORTB = 0b00000000;
   122  007F78  0E00               	movlw	0
   123  007F7A  6E81               	movwf	3969,c	;volatile
   124                           
   125                           ;EX03.c: 29:     TRISBbits.TRISB0 = 1;
   126  007F7C  8093               	bsf	3987,0,c	;volatile
   127                           
   128                           ;EX03.c: 30:     TRISCbits.TRISC0 = 1;
   129  007F7E  8094               	bsf	3988,0,c	;volatile
   130                           
   131                           ;EX03.c: 31:     TRISAbits.TRISA4 = 1;
   132  007F80  8892               	bsf	3986,4,c	;volatile
   133  007F82                     l722:
   134                           
   135                           ;EX03.c: 34:     {;EX03.c: 35:         if (PORTBbits.RB0 == 1)
   136  007F82  A081               	btfss	3969,0,c	;volatile
   137  007F84  D010               	goto	u30
   138                           
   139                           ;EX03.c: 36:         {;EX03.c: 37:             PORTBbits.RB5 = ~PORTBbits.RB5;
   140  007F86  AA81               	btfss	3969,5,c	;volatile
   141  007F88  D002               	goto	u20
   142  007F8A  0E01               	movlw	1
   143  007F8C  D001               	goto	u26
   144  007F8E                     u20:
   145  007F8E  0E00               	movlw	0
   146  007F90                     u26:
   147  007F90  0AFF               	xorlw	255
   148  007F92  6E01               	movwf	??_main& (0+255),c
   149  007F94  3A01               	swapf	??_main,f,c
   150  007F96  4601               	rlncf	??_main,f,c
   151  007F98  5081               	movf	3969,w,c	;volatile
   152  007F9A  1801               	xorwf	??_main,w,c
   153  007F9C  0BDF               	andlw	-33
   154  007F9E  1801               	xorwf	??_main,w,c
   155  007FA0  6E81               	movwf	3969,c	;volatile
   156  007FA2                     l25:
   157  007FA2  B081               	btfsc	3969,0,c	;volatile
   158  007FA4  D7FE               	goto	l25
   159  007FA6                     u30:
   160                           
   161                           ;EX03.c: 41:         if (PORTCbits.RC0 == 1)
   162                           
   163                           ;EX03.c: 39:         }
   164  007FA6  A082               	btfss	3970,0,c	;volatile
   165  007FA8  D011               	goto	u60
   166                           
   167                           ;EX03.c: 42:         {;EX03.c: 43:             PORTBbits.RB6 = ~PORTBbits.RB6;
   168  007FAA  AC81               	btfss	3969,6,c	;volatile
   169  007FAC  D002               	goto	u50
   170  007FAE  0E01               	movlw	1
   171  007FB0  D001               	goto	u56
   172  007FB2                     u50:
   173  007FB2  0E00               	movlw	0
   174  007FB4                     u56:
   175  007FB4  0AFF               	xorlw	255
   176  007FB6  6E01               	movwf	??_main& (0+255),c
   177  007FB8  3A01               	swapf	??_main,f,c
   178  007FBA  4601               	rlncf	??_main,f,c
   179  007FBC  4601               	rlncf	??_main,f,c
   180  007FBE  5081               	movf	3969,w,c	;volatile
   181  007FC0  1801               	xorwf	??_main,w,c
   182  007FC2  0BBF               	andlw	-65
   183  007FC4  1801               	xorwf	??_main,w,c
   184  007FC6  6E81               	movwf	3969,c	;volatile
   185  007FC8                     l29:
   186  007FC8  B082               	btfsc	3970,0,c	;volatile
   187  007FCA  D7FE               	goto	l29
   188  007FCC                     u60:
   189                           
   190                           ;EX03.c: 47:         if (PORTAbits.RA4 == 1)
   191                           
   192                           ;EX03.c: 45:         }
   193  007FCC  A880               	btfss	3968,4,c	;volatile
   194  007FCE  D010               	goto	u90
   195                           
   196                           ;EX03.c: 48:         {;EX03.c: 49:            PORTBbits.RB7 = ~PORTBbits.RB7;
   197  007FD0  AE81               	btfss	3969,7,c	;volatile
   198  007FD2  D002               	goto	u80
   199  007FD4  0E01               	movlw	1
   200  007FD6  D001               	goto	u86
   201  007FD8                     u80:
   202  007FD8  0E00               	movlw	0
   203  007FDA                     u86:
   204  007FDA  0AFF               	xorlw	255
   205  007FDC  6E01               	movwf	??_main& (0+255),c
   206  007FDE  3201               	rrcf	??_main,f,c
   207  007FE0  3201               	rrcf	??_main,f,c
   208  007FE2  5081               	movf	3969,w,c	;volatile
   209  007FE4  1801               	xorwf	??_main,w,c
   210  007FE6  0B7F               	andlw	-129
   211  007FE8  1801               	xorwf	??_main,w,c
   212  007FEA  6E81               	movwf	3969,c	;volatile
   213  007FEC                     l33:
   214  007FEC  B880               	btfsc	3968,4,c	;volatile
   215  007FEE  D7FE               	goto	l33
   216  007FF0                     u90:
   217                           
   218                           ;EX03.c: 53:         _delay((unsigned long)((50)*(8000000/4000.0)));
   219  007FF0  0E82               	movlw	130
   220  007FF2  6E01               	movwf	??_main& (0+255),c
   221  007FF4  0EDE               	movlw	222
   222  007FF6                     u107:
   223  007FF6  2EE8               	decfsz	wreg,f,c
   224  007FF8  D7FE               	bra	u107
   225  007FFA  2E01               	decfsz	??_main& (0+255),f,c
   226  007FFC  D7FC               	bra	u107
   227  007FFE  D7C1               	goto	l722
   228  008000                     __end_of_main:
   229                           	opt callstack 0
   230  0000                     
   231                           	psect	rparam
   232  0000                     tosu	equ	0xFFF
   233                           tosh	equ	0xFFE
   234                           tosl	equ	0xFFD
   235                           stkptr	equ	0xFFC
   236                           pclatu	equ	0xFFB
   237                           pclath	equ	0xFFA
   238                           pcl	equ	0xFF9
   239                           tblptru	equ	0xFF8
   240                           tblptrh	equ	0xFF7
   241                           tblptrl	equ	0xFF6
   242                           tablat	equ	0xFF5
   243                           prodh	equ	0xFF4
   244                           prodl	equ	0xFF3
   245                           indf0	equ	0xFEF
   246                           postinc0	equ	0xFEE
   247                           postdec0	equ	0xFED
   248                           preinc0	equ	0xFEC
   249                           plusw0	equ	0xFEB
   250                           fsr0h	equ	0xFEA
   251                           fsr0l	equ	0xFE9
   252                           wreg	equ	0xFE8
   253                           indf1	equ	0xFE7
   254                           postinc1	equ	0xFE6
   255                           postdec1	equ	0xFE5
   256                           preinc1	equ	0xFE4
   257                           plusw1	equ	0xFE3
   258                           fsr1h	equ	0xFE2
   259                           fsr1l	equ	0xFE1
   260                           bsr	equ	0xFE0
   261                           indf2	equ	0xFDF
   262                           postinc2	equ	0xFDE
   263                           postdec2	equ	0xFDD
   264                           preinc2	equ	0xFDC
   265                           plusw2	equ	0xFDB
   266                           fsr2h	equ	0xFDA
   267                           fsr2l	equ	0xFD9
   268                           status	equ	0xFD8


Data Sizes:
    Strings     0
    Constant    0
    Data        0
    BSS         0
    Persistent  0
    Stack       0

Auto Spaces:
    Space          Size  Autos    Used
    COMRAM          127      1       1
    BANK0           128      0       0
    BANK1           256      0       0
    BANK2           256      0       0
    BANK3           256      0       0
    BANK4           256      0       0
    BANK5           256      0       0

Pointer List with Targets:

    None.

Critical Paths under _main in COMRAM

    None.

Critical Paths under _main in BANK0

    None.

Critical Paths under _main in BANK1

    None.

Critical Paths under _main in BANK2

    None.

Critical Paths under _main in BANK3

    None.

Critical Paths under _main in BANK4

    None.

Critical Paths under _main in BANK5

    None.

Call Graph Tables:

 ---------------------------------------------------------------------------------
 (Depth) Function   	        Calls       Base Space   Used Autos Params    Refs
 ---------------------------------------------------------------------------------
 (0) _main                                                 1     1      0       0
                                              0 COMRAM     1     1      0
 ---------------------------------------------------------------------------------
 Estimated maximum stack depth 0
 ---------------------------------------------------------------------------------

 Call Graph Graphs:

 _main (ROOT)

 Address spaces:
Name               Size   Autos  Total    Cost      Usage
BITCOMRAM           7F      0       0       0        0.0%
EEDATA             100      0       0       0        0.0%
NULL                 0      0       0       0        0.0%
CODE                 0      0       0       0        0.0%
COMRAM              7F      1       1       1        0.8%
STACK                0      0       0       2        0.0%
DATA                 0      0       0       3        0.0%
BITBANK0            80      0       0       4        0.0%
BANK0               80      0       0       5        0.0%
BITBANK1           100      0       0       6        0.0%
BANK1              100      0       0       7        0.0%
BITBANK2           100      0       0       8        0.0%
BANK2              100      0       0       9        0.0%
BITBANK3           100      0       0      10        0.0%
BANK3              100      0       0      11        0.0%
BITBANK4           100      0       0      12        0.0%
BANK4              100      0       0      13        0.0%
BANK5              100      0       0      14        0.0%
ABS                  0      0       0      15        0.0%
BITBANK5           100      0       0      16        0.0%
BIGRAM             5FF      0       0      17        0.0%
BITSFR               0      0       0     200        0.0%
SFR                  0      0       0     200        0.0%


Microchip Technology PIC18 Macro Assembler V2.05 build -831301201 
Symbol Table                                                                                   Tue Apr 02 08:26:30 2019

                     l33 7FEC                       l25 7FA2                       l29 7FC8  
                     u20 7F8E                       u30 7FA6                       u50 7FB2  
                     u26 7F90                       u60 7FCC                       u80 7FD8  
                     u56 7FB4                       u90 7FF0                       u86 7FDA  
            __CFG_BORV$3 000000             __CFG_CP0$OFF 000000             __CFG_CP1$OFF 000000  
           __CFG_CP2$OFF 000000             __CFG_CP3$OFF 000000              __CFG_OSC$HS 000000  
                    l722 7F82             __CFG_CPB$OFF 000000                      u107 7FF6  
           __CFG_CPD$OFF 000000                      wreg 000FE8             __CFG_LVP$OFF 000000  
           __CFG_WDT$OFF 000000             __CFG_PWRT$ON 000000                     _main 7F74  
                   start 0000            __CFG_IESO$OFF 000000            __CFG_MCLRE$ON 000000  
           ___param_bank 000000                    ?_main 0001                    _PORTB 000F81  
                  _TRISB 000F93            __CFG_WRT0$OFF 000000            __CFG_WRT1$OFF 000000  
          __CFG_WRT2$OFF 000000            __CFG_WRT3$OFF 000000           __CFG_EBTR0$OFF 000000  
         __CFG_FCMEN$OFF 000000           __CFG_EBTR1$OFF 000000           __CFG_EBTR2$OFF 000000  
         __CFG_EBTR3$OFF 000000            __CFG_WRTB$OFF 000000            __CFG_WRTC$OFF 000000  
          __CFG_WRTD$OFF 000000           __CFG_EBTRB$OFF 000000           __CFG_BOREN$OFF 000000  
        __initialization 7F6E             __end_of_main 8000                   ??_main 0001  
          __activetblptr 000000           __CFG_XINST$OFF 000000           __CFG_STVREN$ON 000000  
             __accesstop 0080  __end_of__initialization 7F6E          __CFG_PBADEN$OFF 000000  
          ___rparam_used 000001           __pcstackCOMRAM 0001                  __Hparam 0000  
                __Lparam 0000                  __pcinit 7F6E                  __ramtop 0600  
                __ptext0 7F74     end_of_initialization 7F6E                _PORTAbits 000F80  
              _PORTBbits 000F81                _PORTCbits 000F82                _TRISAbits 000F92  
              _TRISBbits 000F93                _TRISCbits 000F94      start_initialization 7F6E  
       __CFG_LPT1OSC$OFF 000000        __CFG_CCP2MX$PORTC 000000         __CFG_WDTPS$32768 000000  
               __Hrparam 0000                 __Lrparam 0000            __size_of_main 008C  
