

Microchip MPLAB XC8 Assembler V2.05 build -831301201 
                                                                                               Mon Apr 08 11:14:53 2019

Microchip MPLAB XC8 C Compiler v2.05 (Free license) build 20181220022703 Og1 
     1                           	processor	18F4520
     2                           	fnconf	rparam,??,?,0
     3                           	opt	pw 120
     4                           	opt	flic
     5                           	psect	cinit,global,reloc=2,class=CODE,delta=1
     6                           	psect	cstackCOMRAM,global,class=COMRAM,space=1,delta=1,noexec
     7                           	psect	text0,global,reloc=2,class=CODE,delta=1
     8                           	psect	text1,global,reloc=2,class=CODE,delta=1
     9                           	psect	intsave_regs,global,class=BIGRAM,space=1,delta=1,noexec
    10                           	psect	rparam,global,class=COMRAM,space=1,delta=1,noexec
    11  0000                     
    12                           ; Version 2.05
    13                           ; Generated 20/12/2018 GMT
    14                           ; 
    15                           ; Copyright © 2018, Microchip Technology Inc. and its subsidiaries ("Microchip")
    16                           ; All rights reserved.
    17                           ; 
    18                           ; This software is developed by Microchip Technology Inc. and its subsidiaries ("Microch
      +                          ip").
    19                           ; 
    20                           ; Redistribution and use in source and binary forms, with or without modification, are
    21                           ; permitted provided that the following conditions are met:
    22                           ; 
    23                           ;     1. Redistributions of source code must retain the above copyright notice, this lis
      +                          t of
    24                           ;        conditions and the following disclaimer.
    25                           ; 
    26                           ;     2. Redistributions in binary form must reproduce the above copyright notice, this 
      +                          list
    27                           ;        of conditions and the following disclaimer in the documentation and/or other
    28                           ;        materials provided with the distribution.
    29                           ; 
    30                           ;     3. Microchip's name may not be used to endorse or promote products derived from th
      +                          is
    31                           ;        software without specific prior written permission.
    32                           ; 
    33                           ; THIS SOFTWARE IS PROVIDED BY MICROCHIP "AS IS" AND ANY EXPRESS OR IMPLIED WARRANTIES,
    34                           ; INCLUDING, BUT NOT LIMITED TO, THE IMPLIED WARRANTIES OF MERCHANTABILITY AND FITNESS F
      +                          OR
    35                           ; PURPOSE ARE DISCLAIMED.  IN NO EVENT SHALL MICROCHIP BE LIABLE FOR ANY DIRECT, INDIREC
      +                          T,
    36                           ; INCIDENTAL, SPECIAL, EXEMPLARY, OR CONSEQUENTIAL DAMAGES (INCLUDING BUT NOT LIMITED TO
    37                           ; PROCUREMENT OF SUBSTITUTE GOODS OR SERVICES; LOSS OF USE, DATA OR PROFITS; OR BUSINESS
    38                           ; INTERRUPTION) HOWSOEVER CAUSED AND ON ANY THEORY OF LIABILITY, WHETHER IN CONTRACT, ST
      +                          RICT
    39                           ; LIABILITY, OR TORT (INCLUDING NEGLIGENCE OR OTHERWISE) ARISING IN ANY WAY OUT OF THE U
      +                          SE OF
    40                           ; THIS SOFTWARE, EVEN IF ADVISED OF THE POSSIBILITY OF SUCH DAMAGE.
    41                           ; 
    42                           ; 
    43                           ; Code-generator required, PIC18F4520 Definitions
    44                           ; 
    45                           ; SFR Addresses
    46  0000                     _TXREG	set	4013
    47  0000                     _SPBRG	set	4015
    48  0000                     _BAUDCTLbits	set	4024
    49  0000                     _RCSTAbits	set	4011
    50  0000                     _TXSTAbits	set	4012
    51  0000                     _ADCON1	set	4033
    52  0000                     _TRMT	set	32097
    53                           
    54                           ; #config settings
    55  0000                     
    56                           	psect	cinit
    57  007F9E                     __pcinit:
    58                           	opt callstack 0
    59  007F9E                     start_initialization:
    60                           	opt callstack 0
    61  007F9E                     __initialization:
    62                           	opt callstack 0
    63  007F9E                     end_of_initialization:
    64                           	opt callstack 0
    65  007F9E                     __end_of__initialization:
    66                           	opt callstack 0
    67  007F9E  0100               	movlb	0
    68  007FA0  EFD8  F03F         	goto	_main	;jump to C main() function
    69                           
    70                           	psect	cstackCOMRAM
    71  000001                     __pcstackCOMRAM:
    72                           	opt callstack 0
    73  000001                     escreve_EUSART@c:
    74                           	opt callstack 0
    75                           
    76                           ; 1 bytes @ 0x0
    77  000001                     	ds	1
    78  000002                     
    79                           ; 1 bytes @ 0x1
    80 ;;
    81 ;;Main: autosize = 0, tempsize = 0, incstack = 0, save=0
    82 ;;
    83 ;; *************** function _main *****************
    84 ;; Defined at:
    85 ;;		line 9 in file "EX22.c"
    86 ;; Parameters:    Size  Location     Type
    87 ;;		None
    88 ;; Auto vars:     Size  Location     Type
    89 ;;		None
    90 ;; Return value:  Size  Location     Type
    91 ;;                  1    wreg      void 
    92 ;; Registers used:
    93 ;;		wreg, status,2, cstack
    94 ;; Tracked objects:
    95 ;;		On entry : 0/0
    96 ;;		On exit  : 0/0
    97 ;;		Unchanged: 0/0
    98 ;; Data sizes:     COMRAM   BANK0   BANK1   BANK2   BANK3   BANK4   BANK5
    99 ;;      Params:         0       0       0       0       0       0       0
   100 ;;      Locals:         0       0       0       0       0       0       0
   101 ;;      Temps:          0       0       0       0       0       0       0
   102 ;;      Totals:         0       0       0       0       0       0       0
   103 ;;Total ram usage:        0 bytes
   104 ;; Hardware stack levels required when called:    1
   105 ;; This function calls:
   106 ;;		_escreve_EUSART
   107 ;; This function is called by:
   108 ;;		Startup code after reset
   109 ;; This function uses a non-reentrant model
   110 ;;
   111                           
   112                           	psect	text0
   113  007FB0                     __ptext0:
   114                           	opt callstack 0
   115  007FB0                     _main:
   116                           	opt callstack 30
   117                           
   118                           ;EX22.c: 11:     ADCON1 = 0x0F;
   119                           
   120                           ;incstack = 0
   121  007FB0  0E0F               	movlw	15
   122  007FB2  6EC1               	movwf	4033,c	;volatile
   123                           
   124                           ;EX22.c: 13:     TXSTAbits.TXEN = 1;
   125  007FB4  8AAC               	bsf	4012,5,c	;volatile
   126                           
   127                           ;EX22.c: 14:     TXSTAbits.SYNC = 0;
   128  007FB6  98AC               	bcf	4012,4,c	;volatile
   129                           
   130                           ;EX22.c: 15:     RCSTAbits.SPEN = 1;
   131  007FB8  8EAB               	bsf	4011,7,c	;volatile
   132                           
   133                           ;EX22.c: 17:     TXSTAbits.BRGH = 0;
   134  007FBA  94AC               	bcf	4012,2,c	;volatile
   135                           
   136                           ;EX22.c: 18:     BAUDCTLbits.BRG16 = 0;
   137  007FBC  96B8               	bcf	4024,3,c	;volatile
   138                           
   139                           ;EX22.c: 20:     SPBRG = 12;
   140  007FBE  0E0C               	movlw	12
   141  007FC0  6EAF               	movwf	4015,c	;volatile
   142                           
   143                           ;EX22.c: 23:     escreve_EUSART('P');
   144  007FC2  0E50               	movlw	80
   145  007FC4  ECD2  F03F         	call	_escreve_EUSART
   146                           
   147                           ;EX22.c: 24:     escreve_EUSART('I');
   148  007FC8  0E49               	movlw	73
   149  007FCA  ECD2  F03F         	call	_escreve_EUSART
   150                           
   151                           ;EX22.c: 25:     escreve_EUSART('C');
   152  007FCE  0E43               	movlw	67
   153  007FD0  ECD2  F03F         	call	_escreve_EUSART
   154                           
   155                           ;EX22.c: 26:     escreve_EUSART('1');
   156  007FD4  0E31               	movlw	49
   157  007FD6  ECD2  F03F         	call	_escreve_EUSART
   158                           
   159                           ;EX22.c: 27:     escreve_EUSART('8');
   160  007FDA  0E38               	movlw	56
   161  007FDC  ECD2  F03F         	call	_escreve_EUSART
   162                           
   163                           ;EX22.c: 28:     escreve_EUSART('F');
   164  007FE0  0E46               	movlw	70
   165  007FE2  ECD2  F03F         	call	_escreve_EUSART
   166                           
   167                           ;EX22.c: 29:     escreve_EUSART('4');
   168  007FE6  0E34               	movlw	52
   169  007FE8  ECD2  F03F         	call	_escreve_EUSART
   170                           
   171                           ;EX22.c: 30:     escreve_EUSART('5');
   172  007FEC  0E35               	movlw	53
   173  007FEE  ECD2  F03F         	call	_escreve_EUSART
   174                           
   175                           ;EX22.c: 31:     escreve_EUSART('2');
   176  007FF2  0E32               	movlw	50
   177  007FF4  ECD2  F03F         	call	_escreve_EUSART
   178                           
   179                           ;EX22.c: 32:     escreve_EUSART('0');
   180  007FF8  0E30               	movlw	48
   181  007FFA  ECD2  F03F         	call	_escreve_EUSART
   182  007FFE                     l21:
   183                           
   184                           ;EX22.c: 35:     {;EX22.c: 36:     }
   185  007FFE  D7FF               	goto	l21
   186  008000                     __end_of_main:
   187                           	opt callstack 0
   188                           
   189 ;; *************** function _escreve_EUSART *****************
   190 ;; Defined at:
   191 ;;		line 40 in file "EX22.c"
   192 ;; Parameters:    Size  Location     Type
   193 ;;  c               1    wreg     unsigned char 
   194 ;; Auto vars:     Size  Location     Type
   195 ;;  c               1    0[COMRAM] unsigned char 
   196 ;; Return value:  Size  Location     Type
   197 ;;                  1    wreg      void 
   198 ;; Registers used:
   199 ;;		wreg
   200 ;; Tracked objects:
   201 ;;		On entry : 0/0
   202 ;;		On exit  : 0/0
   203 ;;		Unchanged: 0/0
   204 ;; Data sizes:     COMRAM   BANK0   BANK1   BANK2   BANK3   BANK4   BANK5
   205 ;;      Params:         0       0       0       0       0       0       0
   206 ;;      Locals:         1       0       0       0       0       0       0
   207 ;;      Temps:          0       0       0       0       0       0       0
   208 ;;      Totals:         1       0       0       0       0       0       0
   209 ;;Total ram usage:        1 bytes
   210 ;; Hardware stack levels used:    1
   211 ;; This function calls:
   212 ;;		Nothing
   213 ;; This function is called by:
   214 ;;		_main
   215 ;; This function uses a non-reentrant model
   216 ;;
   217                           
   218                           	psect	text1
   219  007FA4                     __ptext1:
   220                           	opt callstack 0
   221  007FA4                     _escreve_EUSART:
   222                           	opt callstack 30
   223                           
   224                           ;incstack = 0
   225                           ;escreve_EUSART@c stored from wreg
   226  007FA4  6E01               	movwf	escreve_EUSART@c,c
   227  007FA6                     
   228                           ;EX22.c: 40: void escreve_EUSART(char c);EX22.c: 41: {;EX22.c: 42:   while(!TRMT);
   229  007FA6  A2AC               	btfss	4012,1,c	;volatile
   230  007FA8  D7FE               	goto	l706
   231                           
   232                           ;EX22.c: 43:   TXREG = c;
   233  007FAA  C001  FFAD         	movff	escreve_EUSART@c,4013	;volatile
   234  007FAE  0012               	return		;funcret
   235  007FB0                     __end_of_escreve_EUSART:
   236                           	opt callstack 0
   237  0000                     
   238                           	psect	rparam
   239  0000                     tosu	equ	0xFFF
   240                           tosh	equ	0xFFE
   241                           tosl	equ	0xFFD
   242                           stkptr	equ	0xFFC
   243                           pclatu	equ	0xFFB
   244                           pclath	equ	0xFFA
   245                           pcl	equ	0xFF9
   246                           tblptru	equ	0xFF8
   247                           tblptrh	equ	0xFF7
   248                           tblptrl	equ	0xFF6
   249                           tablat	equ	0xFF5
   250                           prodh	equ	0xFF4
   251                           prodl	equ	0xFF3
   252                           indf0	equ	0xFEF
   253                           postinc0	equ	0xFEE
   254                           postdec0	equ	0xFED
   255                           preinc0	equ	0xFEC
   256                           plusw0	equ	0xFEB
   257                           fsr0h	equ	0xFEA
   258                           fsr0l	equ	0xFE9
   259                           wreg	equ	0xFE8
   260                           indf1	equ	0xFE7
   261                           postinc1	equ	0xFE6
   262                           postdec1	equ	0xFE5
   263                           preinc1	equ	0xFE4
   264                           plusw1	equ	0xFE3
   265                           fsr1h	equ	0xFE2
   266                           fsr1l	equ	0xFE1
   267                           bsr	equ	0xFE0
   268                           indf2	equ	0xFDF
   269                           postinc2	equ	0xFDE
   270                           postdec2	equ	0xFDD
   271                           preinc2	equ	0xFDC
   272                           plusw2	equ	0xFDB
   273                           fsr2h	equ	0xFDA
   274                           fsr2l	equ	0xFD9
   275                           status	equ	0xFD8


Data Sizes:
    Strings     0
    Constant    0
    Data        0
    BSS         0
    Persistent  0
    Stack       0

Auto Spaces:
    Space          Size  Autos    Used
    COMRAM          127      1       1
    BANK0           128      0       0
    BANK1           256      0       0
    BANK2           256      0       0
    BANK3           256      0       0
    BANK4           256      0       0
    BANK5           256      0       0

Pointer List with Targets:

    None.

Critical Paths under _main in COMRAM

    _main->_escreve_EUSART

Critical Paths under _main in BANK0

    None.

Critical Paths under _main in BANK1

    None.

Critical Paths under _main in BANK2

    None.

Critical Paths under _main in BANK3

    None.

Critical Paths under _main in BANK4

    None.

Critical Paths under _main in BANK5

    None.

Call Graph Tables:

 ---------------------------------------------------------------------------------
 (Depth) Function   	        Calls       Base Space   Used Autos Params    Refs
 ---------------------------------------------------------------------------------
 (0) _main                                                 0     0      0      15
                     _escreve_EUSART
 ---------------------------------------------------------------------------------
 (1) _escreve_EUSART                                       1     1      0      15
                                              0 COMRAM     1     1      0
 ---------------------------------------------------------------------------------
 Estimated maximum stack depth 1
 ---------------------------------------------------------------------------------

 Call Graph Graphs:

 _main (ROOT)
   _escreve_EUSART

 Address spaces:
Name               Size   Autos  Total    Cost      Usage
BITCOMRAM           7F      0       0       0        0.0%
EEDATA             100      0       0       0        0.0%
NULL                 0      0       0       0        0.0%
CODE                 0      0       0       0        0.0%
COMRAM              7F      1       1       1        0.8%
STACK                0      0       0       2        0.0%
DATA                 0      0       0       3        0.0%
BITBANK0            80      0       0       4        0.0%
BANK0               80      0       0       5        0.0%
BITBANK1           100      0       0       6        0.0%
BANK1              100      0       0       7        0.0%
BITBANK2           100      0       0       8        0.0%
BANK2              100      0       0       9        0.0%
BITBANK3           100      0       0      10        0.0%
BANK3              100      0       0      11        0.0%
BITBANK4           100      0       0      12        0.0%
BANK4              100      0       0      13        0.0%
BANK5              100      0       0      14        0.0%
ABS                  0      0       0      15        0.0%
BITBANK5           100      0       0      16        0.0%
BIGRAM             5FF      0       0      17        0.0%
BITSFR               0      0       0     200        0.0%
SFR                  0      0       0     200        0.0%


Microchip Technology PIC18 Macro Assembler V2.05 build -831301201 
Symbol Table                                                                                   Mon Apr 08 11:14:53 2019

                     l21 7FFE              __CFG_BORV$3 000000             __CFG_CP0$OFF 000000  
           __CFG_CP1$OFF 000000             __CFG_CP2$OFF 000000             __CFG_CP3$OFF 000000  
            __CFG_OSC$HS 000000                      l706 7FA6             __CFG_CPB$OFF 000000  
           __CFG_CPD$OFF 000000  __size_of_escreve_EUSART 000C             __CFG_LVP$OFF 000000  
           __CFG_WDT$OFF 000000                     _TRMT 007D61             __CFG_PWRT$ON 000000  
                   _main 7FB0                     start 0000            __CFG_IESO$OFF 000000  
          __CFG_MCLRE$ON 000000             ___param_bank 000000                    ?_main 0001  
                  _SPBRG 000FAF                    _TXREG 000FAD            __CFG_WRT0$OFF 000000  
          __CFG_WRT1$OFF 000000            __CFG_WRT2$OFF 000000            __CFG_WRT3$OFF 000000  
         __CFG_EBTR0$OFF 000000           __CFG_FCMEN$OFF 000000           __CFG_EBTR1$OFF 000000  
         __CFG_EBTR2$OFF 000000           __CFG_EBTR3$OFF 000000            __CFG_WRTB$OFF 000000  
          __CFG_WRTC$OFF 000000            __CFG_WRTD$OFF 000000           __CFG_EBTRB$OFF 000000  
         __CFG_BOREN$OFF 000000          __initialization 7F9E             __end_of_main 8000  
                 ??_main 0002            __activetblptr 000000                   _ADCON1 000FC1  
         __CFG_XINST$OFF 000000           __CFG_STVREN$ON 000000           _escreve_EUSART 7FA4  
             __accesstop 0080  __end_of__initialization 7F9E          __CFG_PBADEN$OFF 000000  
          ___rparam_used 000001           __pcstackCOMRAM 0001   __end_of_escreve_EUSART 7FB0  
        ?_escreve_EUSART 0001                  __Hparam 0000                  __Lparam 0000  
                __pcinit 7F9E                  __ramtop 0600                  __ptext0 7FB0  
                __ptext1 7FA4     end_of_initialization 7F9E                _RCSTAbits 000FAB  
              _TXSTAbits 000FAC              _BAUDCTLbits 000FB8      start_initialization 7F9E  
       ??_escreve_EUSART 0001         __CFG_LPT1OSC$OFF 000000        __CFG_CCP2MX$PORTC 000000  
       __CFG_WDTPS$32768 000000                 __Hrparam 0000                 __Lrparam 0000  
          __size_of_main 0050          escreve_EUSART@c 0001  
