

Microchip MPLAB XC8 Assembler V2.40 build 20220703182018 
                                                                                               Mon Nov 28 15:15:51 2022

Microchip MPLAB XC8 C Compiler v2.40 (Free license) build 20220703182018 Og1 
     1                           	processor	18F4520
     2                           	fnconf	rparam,??,?,0
     3                           	pagewidth 120
     4                           	opt	flic
     5                           	psect	cinit,global,reloc=2,class=CODE,delta=1
     6                           	psect	cstackCOMRAM,global,class=COMRAM,space=1,delta=1,lowdata,noexec
     7                           	psect	text0,global,reloc=2,class=CODE,delta=1
     8                           	psect	intsave_regs,global,class=BIGRAM,space=1,delta=1,noexec
     9                           	psect	rparam,global,class=COMRAM,space=1,delta=1,noexec
    10                           	psect	idloc,global,abs,ovrld,class=IDLOC,space=5,delta=1,noexec
    11                           	psect	config,global,abs,ovrld,class=CONFIG,space=4,delta=1,noexec
    12   000000                     
    13                           ; Version 2.40
    14                           ; Generated 17/11/2021 GMT
    15                           ; 
    16                           ; Copyright © 2021, Microchip Technology Inc. and its subsidiaries ("Microchip")
    17                           ; All rights reserved.
    18                           ; 
    19                           ; This software is developed by Microchip Technology Inc. and its subsidiaries ("Microch
      +                          ip").
    20                           ; 
    21                           ; Redistribution and use in source and binary forms, with or without modification, are
    22                           ; permitted provided that the following conditions are met:
    23                           ; 
    24                           ;     1. Redistributions of source code must retain the above copyright notice, this lis
      +                          t of
    25                           ;        conditions and the following disclaimer.
    26                           ; 
    27                           ;     2. Redistributions in binary form must reproduce the above copyright notice, this 
      +                          list
    28                           ;        of conditions and the following disclaimer in the documentation and/or other
    29                           ;        materials provided with the distribution. Publication is not required when
    30                           ;        this file is used in an embedded application.
    31                           ; 
    32                           ;     3. Microchip's name may not be used to endorse or promote products derived from th
      +                          is
    33                           ;        software without specific prior written permission.
    34                           ; 
    35                           ; THIS SOFTWARE IS PROVIDED BY MICROCHIP "AS IS" AND ANY EXPRESS OR IMPLIED WARRANTIES,
    36                           ; INCLUDING, BUT NOT LIMITED TO, THE IMPLIED WARRANTIES OF MERCHANTABILITY AND FITNESS F
      +                          OR
    37                           ; PURPOSE ARE DISCLAIMED.  IN NO EVENT SHALL MICROCHIP BE LIABLE FOR ANY DIRECT, INDIREC
      +                          T,
    38                           ; INCIDENTAL, SPECIAL, EXEMPLARY, OR CONSEQUENTIAL DAMAGES (INCLUDING BUT NOT LIMITED TO
    39                           ; PROCUREMENT OF SUBSTITUTE GOODS OR SERVICES; LOSS OF USE, DATA OR PROFITS; OR BUSINESS
    40                           ; INTERRUPTION) HOWSOEVER CAUSED AND ON ANY THEORY OF LIABILITY, WHETHER IN CONTRACT, ST
      +                          RICT
    41                           ; LIABILITY, OR TORT (INCLUDING NEGLIGENCE OR OTHERWISE) ARISING IN ANY WAY OUT OF THE U
      +                          SE OF
    42                           ; THIS SOFTWARE, EVEN IF ADVISED OF THE POSSIBILITY OF SUCH DAMAGE.
    43                           ; 
    44                           ; 
    45                           ; Code-generator required, PIC18F4520 Definitions
    46                           ; 
    47                           ; SFR Addresses
    48   000000                     _PORTEbits	set	3972
    49   000000                     _PORTD	set	3971
    50   000000                     _PORTE	set	3972
    51   000000                     _TRISE	set	3990
    52   000000                     _ADCON1	set	4033
    53   000000                     _TRISD	set	3989
    54                           
    55                           ; #config settings
    56                           
    57                           	psect	cinit
    58   007C64                     __pcinit:
    59                           	callstack 0
    60   007C64                     start_initialization:
    61                           	callstack 0
    62   007C64                     __initialization:
    63                           	callstack 0
    64   007C64                     end_of_initialization:
    65                           	callstack 0
    66   007C64                     __end_of__initialization:
    67                           	callstack 0
    68   007C64  0100               	movlb	0
    69   007C66  EF35  F03E         	goto	_main	;jump to C main() function
    70                           
    71                           	psect	cstackCOMRAM
    72   000001                     __pcstackCOMRAM:
    73                           	callstack 0
    74   000001                     ??_main:
    75                           
    76                           ; 1 bytes @ 0x0
    77   000001                     	ds	2
    78   000003                     main@num:
    79                           	callstack 0
    80                           
    81                           ; 2 bytes @ 0x2
    82   000003                     	ds	2
    83   000005                     main@j:
    84                           	callstack 0
    85                           
    86                           ; 2 bytes @ 0x4
    87   000005                     	ds	2
    88                           
    89 ;;
    90 ;;Main: autosize = 0, tempsize = 2, incstack = 0, save=0
    91 ;;
    92 ;; *************** function _main *****************
    93 ;; Defined at:
    94 ;;		line 7 in file "EX25.c"
    95 ;; Parameters:    Size  Location     Type
    96 ;;		None
    97 ;; Auto vars:     Size  Location     Type
    98 ;;  j               2    4[COMRAM] unsigned int 
    99 ;;  num             2    2[COMRAM] unsigned int 
   100 ;; Return value:  Size  Location     Type
   101 ;;                  1    wreg      void 
   102 ;; Registers used:
   103 ;;		wreg, status,2, status,0
   104 ;; Tracked objects:
   105 ;;		On entry : 0/0
   106 ;;		On exit  : 0/0
   107 ;;		Unchanged: 0/0
   108 ;; Data sizes:     COMRAM   BANK0   BANK1   BANK2   BANK3   BANK4   BANK5
   109 ;;      Params:         0       0       0       0       0       0       0
   110 ;;      Locals:         4       0       0       0       0       0       0
   111 ;;      Temps:          2       0       0       0       0       0       0
   112 ;;      Totals:         6       0       0       0       0       0       0
   113 ;;Total ram usage:        6 bytes
   114 ;; This function calls:
   115 ;;		Nothing
   116 ;; This function is called by:
   117 ;;		Startup code after reset
   118 ;; This function uses a non-reentrant model
   119 ;;
   120                           
   121                           	psect	text0
   122   007C6A                     __ptext0:
   123                           	callstack 0
   124   007C6A                     _main:
   125                           	callstack 31
   126   007C6A                     
   127                           ;EX25.c: 9:     unsigned int j;;EX25.c: 10:     unsigned int num = 0b10111111;
   128   007C6A  0E00               	movlw	0
   129   007C6C  6E04               	movwf	(main@num+1)^0,c
   130   007C6E  0EBF               	movlw	191
   131   007C70  6E03               	movwf	main@num^0,c
   132                           
   133                           ;EX25.c: 15:     ADCON1 = 0x0F;
   134   007C72  0E0F               	movlw	15
   135   007C74  6EC1               	movwf	193,c	;volatile
   136                           
   137                           ;EX25.c: 16:     TRISE = 0b00000000;
   138   007C76  0E00               	movlw	0
   139   007C78  6E96               	movwf	150,c	;volatile
   140                           
   141                           ;EX25.c: 17:     PORTE = 0b00000000;
   142   007C7A  0E00               	movlw	0
   143   007C7C  6E84               	movwf	132,c	;volatile
   144                           
   145                           ;EX25.c: 19:     TRISD = 0b00000000;
   146   007C7E  0E00               	movlw	0
   147   007C80  6E95               	movwf	149,c	;volatile
   148                           
   149                           ;EX25.c: 20:     PORTD = 0b00001110;
   150   007C82  0E0E               	movlw	14
   151   007C84  6E83               	movwf	131,c	;volatile
   152   007C86                     l19:
   153                           
   154                           ;EX25.c: 26:     {;EX25.c: 27:         for(j = 0x80; j > 0; j = j >> 1)
   155   007C86  0E00               	movlw	0
   156   007C88  6E06               	movwf	(main@j+1)^0,c
   157   007C8A  0E80               	movlw	128
   158   007C8C  6E05               	movwf	main@j^0,c
   159   007C8E                     l708:
   160                           
   161                           ;EX25.c: 28:         {;EX25.c: 31:             if(num & j)
   162   007C8E  5005               	movf	main@j^0,w,c
   163   007C90  1403               	andwf	main@num^0,w,c
   164   007C92  6E01               	movwf	??_main^0,c
   165   007C94  5006               	movf	(main@j+1)^0,w,c
   166   007C96  1404               	andwf	(main@num+1)^0,w,c
   167   007C98  6E02               	movwf	(??_main+1)^0,c
   168   007C9A  5001               	movf	??_main^0,w,c
   169   007C9C  1002               	iorwf	(??_main+1)^0,w,c
   170   007C9E  B4D8               	btfsc	status,2,c
   171   007CA0  EF54  F03E         	goto	u11
   172   007CA4  EF56  F03E         	goto	u10
   173   007CA8                     u11:
   174   007CA8  EF59  F03E         	goto	l22
   175   007CAC                     u10:
   176   007CAC                     
   177                           ;EX25.c: 32:                 PORTEbits.RE0 = 1;
   178   007CAC  8084               	bsf	132,0,c	;volatile
   179   007CAE  EF5A  F03E         	goto	l23
   180   007CB2                     l22:
   181                           
   182                           ;EX25.c: 34:                 PORTEbits.RE0 = 0;
   183   007CB2  9084               	bcf	132,0,c	;volatile
   184   007CB4                     l23:
   185                           
   186                           ;EX25.c: 37:             PORTEbits.RE1 = 1;
   187   007CB4  8284               	bsf	132,1,c	;volatile
   188                           
   189                           ;EX25.c: 38:             PORTEbits.RE1 = 0;
   190   007CB6  9284               	bcf	132,1,c	;volatile
   191   007CB8                     
   192                           ;EX25.c: 39:         }
   193   007CB8  90D8               	bcf	status,0,c
   194   007CBA  3006               	rrcf	(main@j+1)^0,w,c
   195   007CBC  6E01               	movwf	??_main^0,c
   196   007CBE  3005               	rrcf	main@j^0,w,c
   197   007CC0  6E05               	movwf	main@j^0,c
   198   007CC2  C001  F006         	movff	??_main,main@j+1
   199   007CC6  5005               	movf	main@j^0,w,c
   200   007CC8  1006               	iorwf	(main@j+1)^0,w,c
   201   007CCA  A4D8               	btfss	status,2,c
   202   007CCC  EF6A  F03E         	goto	u21
   203   007CD0  EF6C  F03E         	goto	u20
   204   007CD4                     u21:
   205   007CD4  EF47  F03E         	goto	l708
   206   007CD8                     u20:
   207   007CD8                     
   208                           ;EX25.c: 42:         PORTEbits.RE2 = 1;
   209   007CD8  8484               	bsf	132,2,c	;volatile
   210                           
   211                           ;EX25.c: 43:         PORTEbits.RE2 = 0;
   212   007CDA  9484               	bcf	132,2,c	;volatile
   213   007CDC                     
   214                           ;EX25.c: 45:         _delay((unsigned long)((3000)*(8000000/4000.0)));
   215   007CDC  0E1F               	movlw	31
   216   007CDE  6E02               	movwf	(??_main+1)^0,c
   217   007CE0  0E71               	movlw	113
   218   007CE2  6E01               	movwf	??_main^0,c
   219   007CE4  0E1E               	movlw	30
   220   007CE6                     u37:
   221   007CE6  2EE8               	decfsz	wreg,f,c
   222   007CE8  D7FE               	bra	u37
   223   007CEA  2E01               	decfsz	??_main^0,f,c
   224   007CEC  D7FC               	bra	u37
   225   007CEE  2E02               	decfsz	(??_main+1)^0,f,c
   226   007CF0  D7FA               	bra	u37
   227   007CF2  D000               	nop2	
   228   007CF4  EF43  F03E         	goto	l19
   229   007CF8  EF00  F000         	goto	start
   230   007CFC                     __end_of_main:
   231                           	callstack 0
   232   000000                     
   233                           	psect	rparam
   234   000000                     
   235                           	psect	idloc
   236                           
   237                           ;Config register IDLOC0 @ 0x200000
   238                           ;	unspecified, using default values
   239   200000                     	org	2097152
   240   200000  FF                 	db	255
   241                           
   242                           ;Config register IDLOC1 @ 0x200001
   243                           ;	unspecified, using default values
   244   200001                     	org	2097153
   245   200001  FF                 	db	255
   246                           
   247                           ;Config register IDLOC2 @ 0x200002
   248                           ;	unspecified, using default values
   249   200002                     	org	2097154
   250   200002  FF                 	db	255
   251                           
   252                           ;Config register IDLOC3 @ 0x200003
   253                           ;	unspecified, using default values
   254   200003                     	org	2097155
   255   200003  FF                 	db	255
   256                           
   257                           ;Config register IDLOC4 @ 0x200004
   258                           ;	unspecified, using default values
   259   200004                     	org	2097156
   260   200004  FF                 	db	255
   261                           
   262                           ;Config register IDLOC5 @ 0x200005
   263                           ;	unspecified, using default values
   264   200005                     	org	2097157
   265   200005  FF                 	db	255
   266                           
   267                           ;Config register IDLOC6 @ 0x200006
   268                           ;	unspecified, using default values
   269   200006                     	org	2097158
   270   200006  FF                 	db	255
   271                           
   272                           ;Config register IDLOC7 @ 0x200007
   273                           ;	unspecified, using default values
   274   200007                     	org	2097159
   275   200007  FF                 	db	255
   276                           
   277                           	psect	config
   278                           
   279                           ; Padding undefined space
   280   300000                     	org	3145728
   281   300000  FF                 	db	255
   282                           
   283                           ;Config register CONFIG1H @ 0x300001
   284                           ;	Oscillator Selection bits
   285                           ;	OSC = HS, HS oscillator
   286                           ;	Fail-Safe Clock Monitor Enable bit
   287                           ;	FCMEN = OFF, Fail-Safe Clock Monitor disabled
   288                           ;	Internal/External Oscillator Switchover bit
   289                           ;	IESO = OFF, Oscillator Switchover mode disabled
   290   300001                     	org	3145729
   291   300001  02                 	db	2
   292                           
   293                           ;Config register CONFIG2L @ 0x300002
   294                           ;	Power-up Timer Enable bit
   295                           ;	PWRT = ON, PWRT enabled
   296                           ;	Brown-out Reset Enable bits
   297                           ;	BOREN = OFF, Brown-out Reset disabled in hardware and software
   298                           ;	Brown Out Reset Voltage bits
   299                           ;	BORV = 3, Minimum setting
   300   300002                     	org	3145730
   301   300002  18                 	db	24
   302                           
   303                           ;Config register CONFIG2H @ 0x300003
   304                           ;	Watchdog Timer Enable bit
   305                           ;	WDT = OFF, WDT disabled (control is placed on the SWDTEN bit)
   306                           ;	Watchdog Timer Postscale Select bits
   307                           ;	WDTPS = 32768, 1:32768
   308   300003                     	org	3145731
   309   300003  1E                 	db	30
   310                           
   311                           ; Padding undefined space
   312   300004                     	org	3145732
   313   300004  FF                 	db	255
   314                           
   315                           ;Config register CONFIG3H @ 0x300005
   316                           ;	CCP2 MUX bit
   317                           ;	CCP2MX = PORTC, CCP2 input/output is multiplexed with RC1
   318                           ;	PORTB A/D Enable bit
   319                           ;	PBADEN = OFF, PORTB<4:0> pins are configured as digital I/O on Reset
   320                           ;	Low-Power Timer1 Oscillator Enable bit
   321                           ;	LPT1OSC = OFF, Timer1 configured for higher power operation
   322                           ;	MCLR Pin Enable bit
   323                           ;	MCLRE = ON, MCLR pin enabled; RE3 input pin disabled
   324   300005                     	org	3145733
   325   300005  81                 	db	129
   326                           
   327                           ;Config register CONFIG4L @ 0x300006
   328                           ;	Stack Full/Underflow Reset Enable bit
   329                           ;	STVREN = ON, Stack full/underflow will cause Reset
   330                           ;	Single-Supply ICSP Enable bit
   331                           ;	LVP = OFF, Single-Supply ICSP disabled
   332                           ;	Extended Instruction Set Enable bit
   333                           ;	XINST = OFF, Instruction set extension and Indexed Addressing mode disabled (Legacy mo
      +                          de)
   334                           ;	Background Debugger Enable bit
   335                           ;	DEBUG = 0x1, unprogrammed default
   336   300006                     	org	3145734
   337   300006  81                 	db	129
   338                           
   339                           ; Padding undefined space
   340   300007                     	org	3145735
   341   300007  FF                 	db	255
   342                           
   343                           ;Config register CONFIG5L @ 0x300008
   344                           ;	Code Protection bit
   345                           ;	CP0 = OFF, Block 0 (000800-001FFFh) not code-protected
   346                           ;	Code Protection bit
   347                           ;	CP1 = OFF, Block 1 (002000-003FFFh) not code-protected
   348                           ;	Code Protection bit
   349                           ;	CP2 = OFF, Block 2 (004000-005FFFh) not code-protected
   350                           ;	Code Protection bit
   351                           ;	CP3 = OFF, Block 3 (006000-007FFFh) not code-protected
   352   300008                     	org	3145736
   353   300008  0F                 	db	15
   354                           
   355                           ;Config register CONFIG5H @ 0x300009
   356                           ;	Boot Block Code Protection bit
   357                           ;	CPB = OFF, Boot block (000000-0007FFh) not code-protected
   358                           ;	Data EEPROM Code Protection bit
   359                           ;	CPD = OFF, Data EEPROM not code-protected
   360   300009                     	org	3145737
   361   300009  C0                 	db	192
   362                           
   363                           ;Config register CONFIG6L @ 0x30000A
   364                           ;	Write Protection bit
   365                           ;	WRT0 = OFF, Block 0 (000800-001FFFh) not write-protected
   366                           ;	Write Protection bit
   367                           ;	WRT1 = OFF, Block 1 (002000-003FFFh) not write-protected
   368                           ;	Write Protection bit
   369                           ;	WRT2 = OFF, Block 2 (004000-005FFFh) not write-protected
   370                           ;	Write Protection bit
   371                           ;	WRT3 = OFF, Block 3 (006000-007FFFh) not write-protected
   372   30000A                     	org	3145738
   373   30000A  0F                 	db	15
   374                           
   375                           ;Config register CONFIG6H @ 0x30000B
   376                           ;	Configuration Register Write Protection bit
   377                           ;	WRTC = OFF, Configuration registers (300000-3000FFh) not write-protected
   378                           ;	Boot Block Write Protection bit
   379                           ;	WRTB = OFF, Boot block (000000-0007FFh) not write-protected
   380                           ;	Data EEPROM Write Protection bit
   381                           ;	WRTD = OFF, Data EEPROM not write-protected
   382   30000B                     	org	3145739
   383   30000B  E0                 	db	224
   384                           
   385                           ;Config register CONFIG7L @ 0x30000C
   386                           ;	Table Read Protection bit
   387                           ;	EBTR0 = OFF, Block 0 (000800-001FFFh) not protected from table reads executed in other
      +                           blocks
   388                           ;	Table Read Protection bit
   389                           ;	EBTR1 = OFF, Block 1 (002000-003FFFh) not protected from table reads executed in other
      +                           blocks
   390                           ;	Table Read Protection bit
   391                           ;	EBTR2 = OFF, Block 2 (004000-005FFFh) not protected from table reads executed in other
      +                           blocks
   392                           ;	Table Read Protection bit
   393                           ;	EBTR3 = OFF, Block 3 (006000-007FFFh) not protected from table reads executed in other
      +                           blocks
   394   30000C                     	org	3145740
   395   30000C  0F                 	db	15
   396                           
   397                           ;Config register CONFIG7H @ 0x30000D
   398                           ;	Boot Block Table Read Protection bit
   399                           ;	EBTRB = OFF, Boot block (000000-0007FFh) not protected from table reads executed in ot
      +                          her blocks
   400   30000D                     	org	3145741
   401   30000D  40                 	db	64
   402                           tosu	equ	0xFFF
   403                           tosh	equ	0xFFE
   404                           tosl	equ	0xFFD
   405                           stkptr	equ	0xFFC
   406                           pclatu	equ	0xFFB
   407                           pclath	equ	0xFFA
   408                           pcl	equ	0xFF9
   409                           tblptru	equ	0xFF8
   410                           tblptrh	equ	0xFF7
   411                           tblptrl	equ	0xFF6
   412                           tablat	equ	0xFF5
   413                           prodh	equ	0xFF4
   414                           prodl	equ	0xFF3
   415                           indf0	equ	0xFEF
   416                           postinc0	equ	0xFEE
   417                           postdec0	equ	0xFED
   418                           preinc0	equ	0xFEC
   419                           plusw0	equ	0xFEB
   420                           fsr0h	equ	0xFEA
   421                           fsr0l	equ	0xFE9
   422                           wreg	equ	0xFE8
   423                           indf1	equ	0xFE7
   424                           postinc1	equ	0xFE6
   425                           postdec1	equ	0xFE5
   426                           preinc1	equ	0xFE4
   427                           plusw1	equ	0xFE3
   428                           fsr1h	equ	0xFE2
   429                           fsr1l	equ	0xFE1
   430                           bsr	equ	0xFE0
   431                           indf2	equ	0xFDF
   432                           postinc2	equ	0xFDE
   433                           postdec2	equ	0xFDD
   434                           preinc2	equ	0xFDC
   435                           plusw2	equ	0xFDB
   436                           fsr2h	equ	0xFDA
   437                           fsr2l	equ	0xFD9
   438                           status	equ	0xFD8

Data Sizes:
    Strings     0
    Constant    0
    Data        0
    BSS         0
    Persistent  0
    Stack       0

Auto Spaces:
    Space          Size  Autos    Used
    COMRAM          127      6       6
    BANK0           128      0       0
    BANK1           256      0       0
    BANK2           256      0       0
    BANK3           256      0       0
    BANK4           256      0       0
    BANK5           256      0       0

Pointer List with Targets:

    None.

Critical Paths under _main in COMRAM

    None.

Critical Paths under _main in BANK0

    None.

Critical Paths under _main in BANK1

    None.

Critical Paths under _main in BANK2

    None.

Critical Paths under _main in BANK3

    None.

Critical Paths under _main in BANK4

    None.

Critical Paths under _main in BANK5

    None.

Call Graph Tables:

 ---------------------------------------------------------------------------------
 (Depth) Function   	        Calls       Base Space   Used Autos Params    Refs
 ---------------------------------------------------------------------------------
 (0) _main                                                 6     6      0      75
                                              0 COMRAM     6     6      0
 ---------------------------------------------------------------------------------
 Estimated maximum stack depth 0
 ---------------------------------------------------------------------------------

 Call Graph Graphs:

 _main (ROOT)

 Address spaces:
Name               Size   Autos  Total    Cost      Usage
BITCOMRAM           7F      0       0       0        0.0%
EEDATA             100      0       0       0        0.0%
NULL                 0      0       0       0        0.0%
CODE                 0      0       0       0        0.0%
COMRAM              7F      6       6       1        4.7%
STACK                0      0       0       2        0.0%
DATA                 0      0       0       3        0.0%
BITBANK0            80      0       0       4        0.0%
BANK0               80      0       0       5        0.0%
BITBANK1           100      0       0       6        0.0%
BANK1              100      0       0       7        0.0%
BITBANK2           100      0       0       8        0.0%
BANK2              100      0       0       9        0.0%
BITBANK3           100      0       0      10        0.0%
BANK3              100      0       0      11        0.0%
BITBANK4           100      0       0      12        0.0%
BANK4              100      0       0      13        0.0%
BITBANK5           100      0       0      14        0.0%
BANK5              100      0       0      15        0.0%
BITBIGSFRh          3E      0       0      16        0.0%
BITBIGSFRlh         2A      0       0      17        0.0%
BITBIGSFRllh        10      0       0      18        0.0%
BITBIGSFRlll         3      0       0      19        0.0%
ABS                  0      0       0      20        0.0%
BIGRAM             5FF      0       0      21        0.0%
BIGSFR               0      0       0     200        0.0%
BITSFR               0      0       0     200        0.0%
SFR                  0      0       0     200        0.0%


Microchip Technology PIC18 Macro Assembler V2.40 build 20220703182018 
Symbol Table                                                                                   Mon Nov 28 15:15:51 2022

                     l21 7CD8                       l22 7CB2                       l23 7CB4  
                     l19 7C86                       u10 7CAC                       u11 7CA8  
                     u20 7CD8                       u21 7CD4                       u37 7CE6  
                    l710 7CAC                      l702 7C6A                      l712 7CB8  
                    l714 7CDC                      l708 7C8E                      wreg 000FE8  
                   _main 7C6A                     start 0000             ___param_bank 000000  
                  ?_main 0001                    _PORTD 000F83                    _PORTE 000F84  
                  _TRISD 000F95                    _TRISE 000F96                    main@j 0005  
                  status 000FD8          __initialization 7C64             __end_of_main 7CFC  
                 ??_main 0001            __activetblptr 000000                   _ADCON1 000FC1  
                 isa$std 000001               __accesstop 0080  __end_of__initialization 7C64  
          ___rparam_used 000001           __pcstackCOMRAM 0001                  __Hparam 0000  
                __Lparam 0000                  __pcinit 7C64                  __ramtop 0600  
                __ptext0 7C6A                  main@num 0003     end_of_initialization 7C64  
              _PORTEbits 000F84      start_initialization 7C64                 __Hrparam 0000  
               __Lrparam 0000                 isa$xinst 000000  
